<?xml version="1.0" encoding="UTF-8"?>
<testsuite xmlns:xsi="http://www.w3.org/2001/XMLSchema-instance" xsi:noNamespaceSchemaLocation="https://maven.apache.org/surefire/maven-surefire-plugin/xsd/surefire-test-report-3.0.xsd" version="3.0" name="com.periodictable.elements.ElementsApplicationTests" time="3.232" tests="1" errors="0" skipped="0" failures="0">
  <properties>
[...]
</properties>
  <testcase name="contextLoads" classname="com.periodictable.elements.ElementsApplicationTests" time="0.799">
    <system-out><![CDATA[23:45:26.598 [main] INFO org.springframework.test.context.support.AnnotationConfigContextLoaderUtils -- Could not detect default configuration classes for test class [com.periodictable.elements.ElementsApplicationTests]: ElementsApplicationTests does not declare any static, non-private, non-final, nested classes annotated with @Configuration.
23:45:26.703 [main] INFO org.springframework.boot.test.context.SpringBootTestContextBootstrapper -- Found @SpringBootConfiguration com.periodictable.elements.ElementsApplication for test class com.periodictable.elements.ElementsApplicationTests

  .   ____          _            __ _ _
 /\\ / ___'_ __ _ _(_)_ __  __ _ \ \ \ \
( ( )\___ | '_ | '_| | '_ \/ _` | \ \ \ \
 \\/  ___)| |_)| | | | | || (_| |  ) ) ) )
  '  |____| .__|_| |_|_| |_\__, | / / / /
 =========|_|==============|___/=/_/_/_/

 :: Spring Boot ::                (v3.3.2)

2024-09-07T23:45:27.102-04:00  INFO 40187 --- [elements] [           main] c.p.elements.ElementsApplicationTests    : Starting ElementsApplicationTests using Java 22.0.2 with PID 40187 (started by jeremybrown in /Users/jeremybrown/Documents/demos/periodic-table-api)
2024-09-07T23:45:27.103-04:00  INFO 40187 --- [elements] [           main] c.p.elements.ElementsApplicationTests    : No active profile set, falling back to 1 default profile: "default"
2024-09-07T23:45:28.845-04:00  INFO 40187 --- [elements] [           main] c.p.elements.ElementsApplicationTests    : Started ElementsApplicationTests in 2.001 seconds (process running for 2.841)
]]></system-out>
    <system-err><![CDATA[WARNING: A Java agent has been loaded dynamically (/Users/jeremybrown/.m2/repository/net/bytebuddy/byte-buddy-agent/1.14.18/byte-buddy-agent-1.14.18.jar)
WARNING: If a serviceability tool is in use, please run with -XX:+EnableDynamicAgentLoading to hide this warning
WARNING: If a serviceability tool is not in use, please run with -Djdk.instrument.traceUsage for more information
WARNING: Dynamic loading of agents will be disallowed by default in a future release
]]></system-err>
  </testcase>
</testsuite>